15:35:17.816 [main] DEBUG - Save part 'xl/styles.xml'
15:35:17.820 [main] DEBUG - Save part 'xl/workbook.xml'
15:35:17.822 [main] DEBUG - Save part 'xl/worksheets/sheet1.xml'
15:35:17.822 [main] DEBUG - Save part 'xl/worksheets/sheet2.xml'
15:35:17.822 [main] DEBUG - Save part 'xl/worksheets/sheet3.xml'
15:35:17.875 [main] DEBUG - Parsing relationship: /xl/_rels/workbook.xml.rels
15:35:17.875 [main] DEBUG - Parsing relationship: /_rels/.rels
15:35:17.885 [main] DEBUG - Save content types part
15:35:17.886 [main] DEBUG - Save package relationships
15:35:17.887 [main] DEBUG - Save part 'docProps/app.xml'
15:35:17.899 [main] DEBUG - Save part 'docProps/core.xml'
15:35:17.900 [main] DEBUG - Save part 'xl/sharedStrings.xml'
15:35:17.901 [main] DEBUG - Save part 'xl/styles.xml'
15:35:17.901 [main] DEBUG - Save part 'xl/workbook.xml'
15:35:17.903 [main] DEBUG - Save part 'xl/worksheets/sheet1.xml'
15:35:17.903 [main] DEBUG - Save part 'xl/worksheets/sheet2.xml'
15:35:17.904 [main] DEBUG - Save part 'xl/worksheets/sheet3.xml'
15:35:17.970 [main] DEBUG - Parsing relationship: /xl/_rels/workbook.xml.rels
15:35:17.970 [main] DEBUG - Parsing relationship: /_rels/.rels
15:35:17.978 [main] DEBUG - Save content types part
15:35:17.979 [main] DEBUG - Save package relationships
15:35:17.980 [main] DEBUG - Save part 'docProps/app.xml'
15:35:17.980 [main] DEBUG - Save part 'docProps/core.xml'
15:35:17.981 [main] DEBUG - Save part 'xl/sharedStrings.xml'
15:35:17.981 [main] DEBUG - Save part 'xl/styles.xml'
15:35:17.981 [main] DEBUG - Save part 'xl/workbook.xml'
15:35:17.982 [main] DEBUG - Save part 'xl/worksheets/sheet1.xml'
15:35:17.983 [main] DEBUG - Save part 'xl/worksheets/sheet2.xml'
15:35:17.983 [main] DEBUG - Save part 'xl/worksheets/sheet3.xml'
15:35:18.046 [main] DEBUG - Parsing relationship: /xl/_rels/workbook.xml.rels
15:35:18.047 [main] DEBUG - Parsing relationship: /_rels/.rels
15:35:18.062 [main] DEBUG - Save content types part
15:35:18.063 [main] DEBUG - Save package relationships
15:35:18.064 [main] DEBUG - Save part 'docProps/app.xml'
15:35:18.065 [main] DEBUG - Save part 'docProps/core.xml'
15:35:18.066 [main] DEBUG - Save part 'xl/sharedStrings.xml'
15:35:18.066 [main] DEBUG - Save part 'xl/styles.xml'
15:35:18.066 [main] DEBUG - Save part 'xl/workbook.xml'
15:35:18.067 [main] DEBUG - Save part 'xl/worksheets/sheet1.xml'
15:35:18.067 [main] DEBUG - Save part 'xl/worksheets/sheet2.xml'
15:35:18.067 [main] DEBUG - Save part 'xl/worksheets/sheet3.xml'
15:35:38.136 [main] DEBUG - Parsing relationship: /xl/_rels/workbook.xml.rels
15:35:38.137 [main] DEBUG - Parsing relationship: /_rels/.rels
15:35:38.152 [main] DEBUG - Save content types part
15:35:38.153 [main] DEBUG - Save package relationships
15:35:38.154 [main] DEBUG - Save part 'docProps/app.xml'
15:35:38.154 [main] DEBUG - Save part 'docProps/core.xml'
15:35:38.155 [main] DEBUG - Save part 'xl/sharedStrings.xml'
15:35:38.155 [main] DEBUG - Save part 'xl/styles.xml'
